[2020-07-05 10:17:03.262] [exthost] [info] extension host started
[2020-07-05 10:17:03.415] [exthost] [info] extension host started
[2020-07-05 10:17:03.832] [exthost] [info] ExtensionService#_doActivateExtension HookyQR.beautify {"startup":true,"extensionId":{"value":"HookyQR.beautify","_lower":"hookyqr.beautify"},"activationEvent":"*"}
[2020-07-05 10:17:03.834] [exthost] [info] ExtensionService#loadCommonJSModule file:///d:/Downloads/eclipse-java-neon-2-win32-x86_64/eclipse/plugins/pack.core.win_3.6.0.202001241725/HookyQR.beautify-1.4.11/extension
[2020-07-05 10:17:04.021] [exthost] [info] ExtensionService#_doActivateExtension christian-kohler.path-intellisense {"startup":true,"extensionId":{"value":"christian-kohler.path-intellisense","_lower":"christian-kohler.path-intellisense"},"activationEvent":"*"}
[2020-07-05 10:17:04.021] [exthost] [info] ExtensionService#loadCommonJSModule file:///d:/Downloads/eclipse-java-neon-2-win32-x86_64/eclipse/plugins/pack.core.win_3.6.0.202001241725/christian-kohler.path-intellisense-1.4.2/out/src/extension
[2020-07-05 10:17:04.076] [exthost] [info] ExtensionService#_doActivateExtension dbaeumer.vscode-eslint {"startup":true,"extensionId":{"value":"dbaeumer.vscode-eslint","_lower":"dbaeumer.vscode-eslint"},"activationEvent":"*"}
[2020-07-05 10:17:04.076] [exthost] [info] ExtensionService#loadCommonJSModule file:///d:/Downloads/eclipse-java-neon-2-win32-x86_64/eclipse/plugins/pack.core.win_3.6.0.202001241725/dbaeumer.vscode-eslint-1.9.0/client/out/extension
[2020-07-05 10:17:04.123] [exthost] [info] ExtensionService#_doActivateExtension vscode.debug-auto-launch {"startup":true,"extensionId":{"value":"vscode.debug-auto-launch","_lower":"vscode.debug-auto-launch"},"activationEvent":"*"}
[2020-07-05 10:17:04.123] [exthost] [info] ExtensionService#loadCommonJSModule file:///d:/Downloads/eclipse-java-neon-2-win32-x86_64/eclipse/plugins/com.genuitec.eclipse.code.engine.app.win32.x86_64_3.6.0.202002212104/engine/resources/app/extensions/debug-auto-launch/dist/extension
[2020-07-05 10:17:04.132] [exthost] [info] ExtensionService#_doActivateExtension vscode.emmet {"startup":true,"extensionId":{"value":"vscode.emmet","_lower":"vscode.emmet"},"activationEvent":"*"}
[2020-07-05 10:17:04.132] [exthost] [info] ExtensionService#loadCommonJSModule file:///d:/Downloads/eclipse-java-neon-2-win32-x86_64/eclipse/plugins/com.genuitec.eclipse.code.engine.app.win32.x86_64_3.6.0.202002212104/engine/resources/app/extensions/emmet/dist/extension
[2020-07-05 10:17:04.202] [exthost] [info] ExtensionService#_doActivateExtension formulahendry.auto-close-tag {"startup":true,"extensionId":{"value":"formulahendry.auto-close-tag","_lower":"formulahendry.auto-close-tag"},"activationEvent":"*"}
[2020-07-05 10:17:04.202] [exthost] [info] ExtensionService#loadCommonJSModule file:///d:/Downloads/eclipse-java-neon-2-win32-x86_64/eclipse/plugins/pack.core.win_3.6.0.202001241725/formulahendry.auto-close-tag-0.5.6/out/src/extension
[2020-07-05 10:17:04.282] [exthost] [info] eager extensions activated
[2020-07-05 10:17:04.320] [exthost] [info] ExtensionService#_doActivateExtension vscode.grunt {"startup":false,"extensionId":{"value":"vscode.grunt","_lower":"vscode.grunt"},"activationEvent":"onCommand:workbench.action.tasks.runTask"}
[2020-07-05 10:17:04.320] [exthost] [info] ExtensionService#loadCommonJSModule file:///d:/Downloads/eclipse-java-neon-2-win32-x86_64/eclipse/plugins/com.genuitec.eclipse.code.engine.app.win32.x86_64_3.6.0.202002212104/engine/resources/app/extensions/grunt/dist/main
[2020-07-05 10:17:04.330] [exthost] [info] ExtensionService#_doActivateExtension vscode.gulp {"startup":false,"extensionId":{"value":"vscode.gulp","_lower":"vscode.gulp"},"activationEvent":"onCommand:workbench.action.tasks.runTask"}
[2020-07-05 10:17:04.330] [exthost] [info] ExtensionService#loadCommonJSModule file:///d:/Downloads/eclipse-java-neon-2-win32-x86_64/eclipse/plugins/com.genuitec.eclipse.code.engine.app.win32.x86_64_3.6.0.202002212104/engine/resources/app/extensions/gulp/dist/main
[2020-07-05 10:17:04.339] [exthost] [info] ExtensionService#_doActivateExtension vscode.jake {"startup":false,"extensionId":{"value":"vscode.jake","_lower":"vscode.jake"},"activationEvent":"onCommand:workbench.action.tasks.runTask"}
[2020-07-05 10:17:04.339] [exthost] [info] ExtensionService#loadCommonJSModule file:///d:/Downloads/eclipse-java-neon-2-win32-x86_64/eclipse/plugins/com.genuitec.eclipse.code.engine.app.win32.x86_64_3.6.0.202002212104/engine/resources/app/extensions/jake/dist/main
[2020-07-05 10:17:04.359] [exthost] [info] ExtensionService#_doActivateExtension vscode.npm {"startup":false,"extensionId":{"value":"vscode.npm","_lower":"vscode.npm"},"activationEvent":"onCommand:workbench.action.tasks.runTask"}
[2020-07-05 10:17:04.359] [exthost] [info] ExtensionService#loadCommonJSModule file:///d:/Downloads/eclipse-java-neon-2-win32-x86_64/eclipse/plugins/com.genuitec.eclipse.code.engine.app.win32.x86_64_3.6.0.202002212104/engine/resources/app/extensions/npm/dist/main
[2020-07-05 10:17:04.394] [exthost] [info] ExtensionService#_doActivateExtension vscode.typescript-language-features {"startup":false,"extensionId":{"value":"vscode.typescript-language-features","_lower":"vscode.typescript-language-features"},"activationEvent":"onCommand:workbench.action.tasks.runTask"}
[2020-07-05 10:17:04.394] [exthost] [info] ExtensionService#loadCommonJSModule file:///d:/Downloads/eclipse-java-neon-2-win32-x86_64/eclipse/plugins/com.genuitec.eclipse.code.engine.app.win32.x86_64_3.6.0.202002212104/engine/resources/app/extensions/typescript-language-features/dist/extension
